#
# A fatal error has been detected by the Java Runtime Environment:
#
#  Internal Error (classFileParser.cpp:3075), pid=8723, tid=3078777712
#  Error: ShouldNotReachHere()
#
# JRE version: 6.0-b16
# Java VM: OpenJDK Server VM (14.0-b16 mixed mode linux-x86 )
# Distribution: Ubuntu 9.10, package 6b16-1.6.1-3ubuntu1
# If you would like to submit a bug report, please include
# instructions how to reproduce the bug and visit:
#   https://bugs.launchpad.net/ubuntu/+source/openjdk-6/
#

---------------  T H R E A D  ---------------

Current thread (0x09a2f400):  JavaThread "Unknown thread" [_thread_in_vm, id=8728, stack(0xb77d6000,0xb7827000)]

Stack: [0xb77d6000,0xb7827000],  sp=0xb78257d0,  free space=317k
Native frames: (J=compiled Java code, j=interpreted, Vv=VM code, C=native code)
V  [libjvm.so+0x5b5ffd]
V  [libjvm.so+0x5b624d]
V  [libjvm.so+0x24927e]
V  [libjvm.so+0x1e4ef9]
V  [libjvm.so+0x1e795e]
V  [libjvm.so+0x556114]
V  [libjvm.so+0x5570c4]
V  [libjvm.so+0x557484]
V  [libjvm.so+0x557520]
V  [libjvm.so+0x5575ca]
V  [libjvm.so+0x557655]
V  [libjvm.so+0x5576b4]
V  [libjvm.so+0x557783]
V  [libjvm.so+0x5579c9]
V  [libjvm.so+0x594637]
V  [libjvm.so+0x594ffc]
V  [libjvm.so+0x305670]
V  [libjvm.so+0x581cdc]
V  [libjvm.so+0x339c5c]
C  [java+0x2ce8]  JavaMain+0x88
C  [libpthread.so.0+0x580e]


---------------  P R O C E S S  ---------------

Java Threads: ( => current thread )

Other Threads:

=>0x09a2f400 (exited) JavaThread "Unknown thread" [_thread_in_vm, id=8728, stack(0xb77d6000,0xb7827000)]

VM state:not at safepoint (not fully initialized)

VM Mutex/Monitor currently owned by a thread: None

Dynamic libraries:
00110000-00113000 r-xp 00000000 08:05 138254     /usr/lib/jvm/java-6-openjdk/jre/lib/i386/jli/libjli.so
00113000-00114000 r--p 00003000 08:05 138254     /usr/lib/jvm/java-6-openjdk/jre/lib/i386/jli/libjli.so
00114000-00115000 rw-p 00004000 08:05 138254     /usr/lib/jvm/java-6-openjdk/jre/lib/i386/jli/libjli.so
00115000-00253000 r-xp 00000000 08:05 132374     /lib/tls/i686/cmov/libc-2.10.1.so
00253000-00254000 ---p 0013e000 08:05 132374     /lib/tls/i686/cmov/libc-2.10.1.so
00254000-00256000 r--p 0013e000 08:05 132374     /lib/tls/i686/cmov/libc-2.10.1.so
00256000-00257000 rw-p 00140000 08:05 132374     /lib/tls/i686/cmov/libc-2.10.1.so
00257000-0025a000 rw-p 00000000 00:00 0 
0025a000-0027e000 r-xp 00000000 08:05 132776     /lib/tls/i686/cmov/libm-2.10.1.so
0027e000-0027f000 r--p 00023000 08:05 132776     /lib/tls/i686/cmov/libm-2.10.1.so
0027f000-00280000 rw-p 00024000 08:05 132776     /lib/tls/i686/cmov/libm-2.10.1.so
00280000-00293000 r-xp 00000000 08:05 133132     /lib/tls/i686/cmov/libnsl-2.10.1.so
00293000-00294000 r--p 00012000 08:05 133132     /lib/tls/i686/cmov/libnsl-2.10.1.so
00294000-00295000 rw-p 00013000 08:05 133132     /lib/tls/i686/cmov/libnsl-2.10.1.so
00295000-00297000 rw-p 00000000 00:00 0 
0029d000-002c1000 r-xp 00000000 08:05 138266     /usr/lib/jvm/java-6-openjdk/jre/lib/i386/libjava.so
002c1000-002c2000 r--p 00023000 08:05 138266     /usr/lib/jvm/java-6-openjdk/jre/lib/i386/libjava.so
002c2000-002c4000 rw-p 00024000 08:05 138266     /usr/lib/jvm/java-6-openjdk/jre/lib/i386/libjava.so
002c4000-002cd000 r-xp 00000000 08:05 135848     /lib/tls/i686/cmov/libnss_nis-2.10.1.so
002cd000-002ce000 r--p 00008000 08:05 135848     /lib/tls/i686/cmov/libnss_nis-2.10.1.so
002ce000-002cf000 rw-p 00009000 08:05 135848     /lib/tls/i686/cmov/libnss_nis-2.10.1.so
002cf000-002d9000 r-xp 00000000 08:05 135823     /lib/tls/i686/cmov/libnss_files-2.10.1.so
002d9000-002da000 r--p 00009000 08:05 135823     /lib/tls/i686/cmov/libnss_files-2.10.1.so
002da000-002db000 rw-p 0000a000 08:05 135823     /lib/tls/i686/cmov/libnss_files-2.10.1.so
002db000-002e3000 rwxp 00000000 00:00 0 
002e3000-0031b000 rwxp 00000000 00:00 0 
00347000-0034e000 r-xp 00000000 08:05 138283     /usr/lib/jvm/java-6-openjdk/jre/lib/i386/libzip.so
0034e000-0034f000 r--p 00006000 08:05 138283     /usr/lib/jvm/java-6-openjdk/jre/lib/i386/libzip.so
0034f000-00350000 rw-p 00007000 08:05 138283     /usr/lib/jvm/java-6-openjdk/jre/lib/i386/libzip.so
00350000-00359000 rwxp 00000000 00:00 0 
00359000-00410000 rwxp 00000000 00:00 0 
00410000-00418000 rwxp 00000000 00:00 0 
00418000-00450000 rwxp 00000000 00:00 0 
00450000-00465000 rwxp 00000000 00:00 0 
00465000-005a0000 rwxp 00000000 00:00 0 
005a0000-005a3000 rwxp 00000000 00:00 0 
005a3000-005ca000 rwxp 00000000 00:00 0 
005ca000-005cb000 rwxp 00000000 00:00 0 
006a2000-006ae000 r-xp 00000000 08:05 138282     /usr/lib/jvm/java-6-openjdk/jre/lib/i386/libverify.so
006ae000-006af000 r--p 0000b000 08:05 138282     /usr/lib/jvm/java-6-openjdk/jre/lib/i386/libverify.so
006af000-006b0000 rw-p 0000c000 08:05 138282     /usr/lib/jvm/java-6-openjdk/jre/lib/i386/libverify.so
006f4000-0070f000 r-xp 00000000 08:05 1280       /lib/ld-2.10.1.so
0070f000-00710000 r--p 0001a000 08:05 1280       /lib/ld-2.10.1.so
00710000-00711000 rw-p 0001b000 08:05 1280       /lib/ld-2.10.1.so
00717000-00718000 r-xp 00000000 00:00 0          [vdso]
00739000-0073f000 r-xp 00000000 08:05 135164     /lib/tls/i686/cmov/libnss_compat-2.10.1.so
0073f000-00740000 r--p 00005000 08:05 135164     /lib/tls/i686/cmov/libnss_compat-2.10.1.so
00740000-00741000 rw-p 00006000 08:05 135164     /lib/tls/i686/cmov/libnss_compat-2.10.1.so
007c1000-007d6000 r-xp 00000000 08:05 145966     /lib/tls/i686/cmov/libpthread-2.10.1.so
007d6000-007d7000 r--p 00014000 08:05 145966     /lib/tls/i686/cmov/libpthread-2.10.1.so
007d7000-007d8000 rw-p 00015000 08:05 145966     /lib/tls/i686/cmov/libpthread-2.10.1.so
007d8000-007da000 rw-p 00000000 00:00 0 
0082c000-00840000 r-xp 00000000 08:05 673        /lib/libz.so.1.2.3.3
00840000-00841000 r--p 00013000 08:05 673        /lib/libz.so.1.2.3.3
00841000-00842000 rw-p 00014000 08:05 673        /lib/libz.so.1.2.3.3
008ab000-008b2000 r-xp 00000000 08:05 145968     /lib/tls/i686/cmov/librt-2.10.1.so
008b2000-008b3000 r--p 00006000 08:05 145968     /lib/tls/i686/cmov/librt-2.10.1.so
008b3000-008b4000 rw-p 00007000 08:05 145968     /lib/tls/i686/cmov/librt-2.10.1.so
008b4000-008c9000 rwxp 00000000 00:00 0 
008c9000-00a04000 rwxp 00000000 00:00 0 
00b19000-00b20000 r-xp 00000000 08:05 138284     /usr/lib/jvm/java-6-openjdk/jre/lib/i386/native_threads/libhpi.so
00b20000-00b21000 r--p 00006000 08:05 138284     /usr/lib/jvm/java-6-openjdk/jre/lib/i386/native_threads/libhpi.so
00b21000-00b22000 rw-p 00007000 08:05 138284     /usr/lib/jvm/java-6-openjdk/jre/lib/i386/native_threads/libhpi.so
00d4b000-00d4d000 r-xp 00000000 08:05 132432     /lib/tls/i686/cmov/libdl-2.10.1.so
00d4d000-00d4e000 r--p 00001000 08:05 132432     /lib/tls/i686/cmov/libdl-2.10.1.so
00d4e000-00d4f000 rw-p 00002000 08:05 132432     /lib/tls/i686/cmov/libdl-2.10.1.so
00d4f000-01379000 r-xp 00000000 08:05 138285     /usr/lib/jvm/java-6-openjdk/jre/lib/i386/server/libjvm.so
01379000-013bb000 r--p 00629000 08:05 138285     /usr/lib/jvm/java-6-openjdk/jre/lib/i386/server/libjvm.so
013bb000-013ca000 rw-p 0066b000 08:05 138285     /usr/lib/jvm/java-6-openjdk/jre/lib/i386/server/libjvm.so
013ca000-017eb000 rw-p 00000000 00:00 0 
0189e000-01ade000 rwxp 00000000 00:00 0 
01ade000-0489e000 rwxp 00000000 00:00 0 
08048000-08051000 r-xp 00000000 08:05 138306     /usr/lib/jvm/java-6-openjdk/jre/bin/java
08051000-08052000 r--p 00008000 08:05 138306     /usr/lib/jvm/java-6-openjdk/jre/bin/java
08052000-08053000 rw-p 00009000 08:05 138306     /usr/lib/jvm/java-6-openjdk/jre/bin/java
09a27000-09a8d000 rw-p 00000000 00:00 0          [heap]
80285000-802ce000 r--s 002cf000 08:05 529221     /home/nicholas/android-sdk-linux_86/platforms/android-1.6/android.jar
802ce000-802cf000 ---p 00000000 00:00 0 
802cf000-8034f000 rw-p 00000000 00:00 0 
8034f000-80350000 ---p 00000000 00:00 0 
80350000-803d0000 rw-p 00000000 00:00 0 
803d0000-813d0000 rwxp 00000000 00:00 0 
813d0000-883d0000 rwxp 00000000 00:00 0 
883d0000-8add0000 rwxp 00000000 00:00 0 
8add0000-b23d0000 rwxp 00000000 00:00 0 
b23d0000-b2910000 rwxp 00000000 00:00 0 
b2910000-b77d0000 rwxp 00000000 00:00 0 
b77d6000-b77d9000 ---p 00000000 00:00 0 
b77d9000-b782a000 rw-p 00000000 00:00 0 
b7833000-b783b000 rw-s 00000000 08:05 790        /tmp/hsperfdata_nicholas/8723
b783b000-b783c000 rw-p 00000000 00:00 0 
b783c000-b783d000 r--p 00000000 00:00 0 
b783d000-b783f000 rw-p 00000000 00:00 0 
bfe57000-bfe6d000 rw-p 00000000 00:00 0          [stack]

VM Arguments:
jvm_args: -Dfile.encoding=UTF-8 -Xbootclasspath:/home/nicholas/android-sdk-linux_86/platforms/android-1.6/android.jar 
java_command: org.eclipse.jdt.internal.junit.runner.RemoteTestRunner -version 3 -port 52343 -testLoaderClass org.eclipse.jdt.internal.junit4.runner.JUnit4TestLoader -loaderpluginname org.eclipse.jdt.junit4.runtime -classNames com.scenarios.UserWantsSongLyrics
Launcher Type: SUN_STANDARD

Environment Variables:
PATH=/usr/local/sbin:/usr/local/bin:/usr/sbin:/usr/bin:/sbin:/bin:/usr/games:/var/lib/gems/1.8/bin
USERNAME=nicholas
LD_LIBRARY_PATH=/usr/lib/jvm/java-6-openjdk/jre/lib/i386/server:/usr/lib/jvm/java-6-openjdk/jre/lib/i386:/usr/lib/jvm/java-6-openjdk/jre/../lib/i386:/usr/lib/jvm/java-6-openjdk/jre/lib/i386/client:/usr/lib/jvm/java-6-openjdk/jre/lib/i386:/usr/lib/xulrunner-addons:/usr/lib/xulrunner-addons
SHELL=/bin/bash
DISPLAY=:0.0

Signal Handlers:
SIGSEGV: [libjvm.so+0x5b6c60], sa_mask[0]=0x7ffbfeff, sa_flags=0x10000004
SIGBUS: [libjvm.so+0x5b6c60], sa_mask[0]=0x7ffbfeff, sa_flags=0x10000004
SIGFPE: [libjvm.so+0x4a0440], sa_mask[0]=0x7ffbfeff, sa_flags=0x10000004
SIGPIPE: [libjvm.so+0x4a0440], sa_mask[0]=0x7ffbfeff, sa_flags=0x10000004
SIGXFSZ: [libjvm.so+0x4a0440], sa_mask[0]=0x7ffbfeff, sa_flags=0x10000004
SIGILL: [libjvm.so+0x4a0440], sa_mask[0]=0x7ffbfeff, sa_flags=0x10000004
SIGUSR1: SIG_DFL, sa_mask[0]=0x00000000, sa_flags=0x00000000
SIGUSR2: [libjvm.so+0x49fb20], sa_mask[0]=0x00000004, sa_flags=0x10000004
SIGHUP: SIG_DFL, sa_mask[0]=0x00000000, sa_flags=0x00000000
SIGINT: SIG_DFL, sa_mask[0]=0x00000000, sa_flags=0x00000000
SIGTERM: SIG_DFL, sa_mask[0]=0x00000000, sa_flags=0x00000000
SIGQUIT: SIG_DFL, sa_mask[0]=0x00000000, sa_flags=0x00000000


---------------  S Y S T E M  ---------------

OS:Ubuntu 9.10 (karmic)
uname:Linux 2.6.31-19-generic #56-Ubuntu SMP Thu Jan 28 01:26:53 UTC 2010 i686
libc:glibc 2.10.1 NPTL 2.10.1 
rlimit: STACK 8192k, CORE 0k, NPROC infinity, NOFILE 1024, AS infinity
load average:0.05 0.07 0.08

CPU:total 2 (2 cores per cpu, 1 threads per core) family 6 model 23 stepping 6, cmov, cx8, fxsr, mmx, sse, sse2, sse3, ssse3, sse4.1

Memory: 4k page, physical 3096516k(174408k free), swap 4425868k(4425868k free)

vm_info: OpenJDK Server VM (14.0-b16) for linux-x86 JRE (1.6.0_0-b16), built on Nov 10 2009 01:55:38 by "buildd" with gcc 4.4.1

time: Wed Mar  3 15:26:32 2010
elapsed time: 0 seconds

